{"/var/tmp/pokemon/index.js": {"path":"/var/tmp/pokemon/index.js","statementMap":{"0":{"start":{"line":1,"column":16},"end":{"line":1,"column":34}},"1":{"start":{"line":2,"column":12},"end":{"line":2,"column":21}},"2":{"start":{"line":3,"column":13},"end":{"line":3,"column":17}},"3":{"start":{"line":5,"column":0},"end":{"line":5,"column":33}},"4":{"start":{"line":7,"column":0},"end":{"line":9,"column":2}}},"fnMap":{"0":{"name":"(anonymous_0)","decl":{"start":{"line":7,"column":17},"end":{"line":7,"column":18}},"loc":{"start":{"line":7,"column":23},"end":{"line":9,"column":1}},"line":7}},"branchMap":{},"s":{"0":0,"1":0,"2":0,"3":0,"4":0},"f":{"0":0},"b":{}}
,"/var/tmp/pokemon/public/database.js": {"path":"/var/tmp/pokemon/public/database.js","statementMap":{"0":{"start":{"line":1,"column":11},"end":{"line":175,"column":2}},"1":{"start":{"line":177,"column":0},"end":{"line":177,"column":29}},"2":{"start":{"line":177,"column":9},"end":{"line":177,"column":29}}},"fnMap":{},"branchMap":{"0":{"loc":{"start":{"line":177,"column":0},"end":{"line":177,"column":29}},"type":"if","locations":[{"start":{"line":177,"column":0},"end":{"line":177,"column":29}},{"start":{"line":177,"column":0},"end":{"line":177,"column":29}}],"line":177}},"s":{"0":0,"1":0,"2":0},"f":{},"b":{"0":[0,0]}}
,"/var/tmp/pokemon/public/pokemon.js": {"path":"/var/tmp/pokemon/public/pokemon.js","statementMap":{"0":{"start":{"line":1,"column":12},"end":{"line":1,"column":13}},"1":{"start":{"line":2,"column":12},"end":{"line":2,"column":13}},"2":{"start":{"line":3,"column":13},"end":{"line":3,"column":49}},"3":{"start":{"line":4,"column":13},"end":{"line":4,"column":50}},"4":{"start":{"line":6,"column":13},"end":{"line":8,"column":1}},"5":{"start":{"line":9,"column":15},"end":{"line":11,"column":1}},"6":{"start":{"line":14,"column":15},"end":{"line":14,"column":46}},"7":{"start":{"line":15,"column":2},"end":{"line":21,"column":3}},"8":{"start":{"line":16,"column":4},"end":{"line":16,"column":28}},"9":{"start":{"line":17,"column":9},"end":{"line":21,"column":3}},"10":{"start":{"line":18,"column":4},"end":{"line":18,"column":34}},"11":{"start":{"line":19,"column":9},"end":{"line":21,"column":3}},"12":{"start":{"line":20,"column":4},"end":{"line":20,"column":30}},"13":{"start":{"line":25,"column":2},"end":{"line":25,"column":28}},"14":{"start":{"line":26,"column":2},"end":{"line":26,"column":32}},"15":{"start":{"line":27,"column":2},"end":{"line":27,"column":74}},"16":{"start":{"line":28,"column":2},"end":{"line":28,"column":76}},"17":{"start":{"line":29,"column":2},"end":{"line":29,"column":56}},"18":{"start":{"line":30,"column":2},"end":{"line":33,"column":3}},"19":{"start":{"line":31,"column":4},"end":{"line":31,"column":77}},"20":{"start":{"line":32,"column":4},"end":{"line":32,"column":18}},"21":{"start":{"line":34,"column":2},"end":{"line":40,"column":3}},"22":{"start":{"line":35,"column":4},"end":{"line":35,"column":59}},"23":{"start":{"line":36,"column":4},"end":{"line":36,"column":79}},"24":{"start":{"line":37,"column":4},"end":{"line":39,"column":12}},"25":{"start":{"line":38,"column":6},"end":{"line":38,"column":19}},"26":{"start":{"line":44,"column":2},"end":{"line":72,"column":3}},"27":{"start":{"line":45,"column":4},"end":{"line":45,"column":84}},"28":{"start":{"line":46,"column":4},"end":{"line":58,"column":5}},"29":{"start":{"line":47,"column":6},"end":{"line":47,"column":13}},"30":{"start":{"line":48,"column":6},"end":{"line":48,"column":76}},"31":{"start":{"line":49,"column":6},"end":{"line":51,"column":14}},"32":{"start":{"line":50,"column":8},"end":{"line":50,"column":59}},"33":{"start":{"line":53,"column":6},"end":{"line":53,"column":13}},"34":{"start":{"line":54,"column":6},"end":{"line":54,"column":78}},"35":{"start":{"line":55,"column":6},"end":{"line":57,"column":14}},"36":{"start":{"line":56,"column":8},"end":{"line":56,"column":61}},"37":{"start":{"line":59,"column":4},"end":{"line":71,"column":5}},"38":{"start":{"line":60,"column":6},"end":{"line":62,"column":14}},"39":{"start":{"line":61,"column":8},"end":{"line":61,"column":23}},"40":{"start":{"line":63,"column":11},"end":{"line":71,"column":5}},"41":{"start":{"line":64,"column":6},"end":{"line":66,"column":14}},"42":{"start":{"line":65,"column":8},"end":{"line":65,"column":23}},"43":{"start":{"line":68,"column":6},"end":{"line":70,"column":14}},"44":{"start":{"line":69,"column":8},"end":{"line":69,"column":19}},"45":{"start":{"line":76,"column":2},"end":{"line":101,"column":3}},"46":{"start":{"line":77,"column":17},"end":{"line":77,"column":53}},"47":{"start":{"line":78,"column":4},"end":{"line":99,"column":5}},"48":{"start":{"line":79,"column":6},"end":{"line":79,"column":123}},"49":{"start":{"line":81,"column":6},"end":{"line":83,"column":7}},"50":{"start":{"line":82,"column":8},"end":{"line":82,"column":46}},"51":{"start":{"line":82,"column":33},"end":{"line":82,"column":46}},"52":{"start":{"line":84,"column":6},"end":{"line":84,"column":96}},"53":{"start":{"line":85,"column":18},"end":{"line":85,"column":20}},"54":{"start":{"line":86,"column":23},"end":{"line":86,"column":59}},"55":{"start":{"line":87,"column":6},"end":{"line":90,"column":7}},"56":{"start":{"line":88,"column":8},"end":{"line":88,"column":29}},"57":{"start":{"line":89,"column":8},"end":{"line":89,"column":27}},"58":{"start":{"line":91,"column":6},"end":{"line":91,"column":109}},"59":{"start":{"line":92,"column":6},"end":{"line":92,"column":40}},"60":{"start":{"line":93,"column":6},"end":{"line":95,"column":7}},"61":{"start":{"line":94,"column":8},"end":{"line":94,"column":23}},"62":{"start":{"line":96,"column":6},"end":{"line":97,"column":66}},"63":{"start":{"line":96,"column":25},"end":{"line":96,"column":80}},"64":{"start":{"line":97,"column":11},"end":{"line":97,"column":66}},"65":{"start":{"line":98,"column":6},"end":{"line":98,"column":23}},"66":{"start":{"line":100,"column":4},"end":{"line":100,"column":16}},"67":{"start":{"line":105,"column":2},"end":{"line":106,"column":45}},"68":{"start":{"line":105,"column":25},"end":{"line":105,"column":63}},"69":{"start":{"line":106,"column":7},"end":{"line":106,"column":45}},"70":{"start":{"line":110,"column":2},"end":{"line":110,"column":32}},"71":{"start":{"line":114,"column":2},"end":{"line":114,"column":32}},"72":{"start":{"line":118,"column":2},"end":{"line":118,"column":32}},"73":{"start":{"line":122,"column":2},"end":{"line":122,"column":32}},"74":{"start":{"line":126,"column":2},"end":{"line":126,"column":32}},"75":{"start":{"line":130,"column":2},"end":{"line":130,"column":32}},"76":{"start":{"line":134,"column":2},"end":{"line":134,"column":32}},"77":{"start":{"line":138,"column":2},"end":{"line":138,"column":32}},"78":{"start":{"line":142,"column":12},"end":{"line":142,"column":41}},"79":{"start":{"line":143,"column":2},"end":{"line":143,"column":102}},"80":{"start":{"line":147,"column":2},"end":{"line":150,"column":3}},"81":{"start":{"line":148,"column":4},"end":{"line":148,"column":84}},"82":{"start":{"line":149,"column":4},"end":{"line":149,"column":108}},"83":{"start":{"line":154,"column":2},"end":{"line":158,"column":3}},"84":{"start":{"line":155,"column":4},"end":{"line":155,"column":58}},"85":{"start":{"line":156,"column":4},"end":{"line":156,"column":71}},"86":{"start":{"line":157,"column":4},"end":{"line":157,"column":202}},"87":{"start":{"line":157,"column":38},"end":{"line":157,"column":200}},"88":{"start":{"line":162,"column":2},"end":{"line":164,"column":3}},"89":{"start":{"line":163,"column":4},"end":{"line":163,"column":217}},"90":{"start":{"line":168,"column":2},"end":{"line":179,"column":3}},"91":{"start":{"line":169,"column":4},"end":{"line":173,"column":5}},"92":{"start":{"line":170,"column":6},"end":{"line":170,"column":68}},"93":{"start":{"line":170,"column":28},"end":{"line":170,"column":68}},"94":{"start":{"line":171,"column":6},"end":{"line":171,"column":107}},"95":{"start":{"line":172,"column":6},"end":{"line":172,"column":23}},"96":{"start":{"line":174,"column":4},"end":{"line":178,"column":5}},"97":{"start":{"line":175,"column":6},"end":{"line":175,"column":64}},"98":{"start":{"line":175,"column":26},"end":{"line":175,"column":64}},"99":{"start":{"line":176,"column":6},"end":{"line":176,"column":105}},"100":{"start":{"line":177,"column":6},"end":{"line":177,"column":21}},"101":{"start":{"line":180,"column":2},"end":{"line":180,"column":56}},"102":{"start":{"line":181,"column":2},"end":{"line":181,"column":71}},"103":{"start":{"line":182,"column":2},"end":{"line":182,"column":65}},"104":{"start":{"line":183,"column":2},"end":{"line":183,"column":70}},"105":{"start":{"line":184,"column":2},"end":{"line":184,"column":72}},"106":{"start":{"line":185,"column":2},"end":{"line":185,"column":76}},"107":{"start":{"line":186,"column":2},"end":{"line":186,"column":74}},"108":{"start":{"line":187,"column":2},"end":{"line":187,"column":78}},"109":{"start":{"line":188,"column":2},"end":{"line":188,"column":57}},"110":{"start":{"line":189,"column":2},"end":{"line":189,"column":55}},"111":{"start":{"line":190,"column":2},"end":{"line":190,"column":14}},"112":{"start":{"line":194,"column":2},"end":{"line":194,"column":11}},"113":{"start":{"line":195,"column":2},"end":{"line":195,"column":11}},"114":{"start":{"line":196,"column":2},"end":{"line":198,"column":3}},"115":{"start":{"line":199,"column":2},"end":{"line":201,"column":3}},"116":{"start":{"line":202,"column":2},"end":{"line":202,"column":13}},"117":{"start":{"line":205,"column":0},"end":{"line":211,"column":9}},"118":{"start":{"line":206,"column":2},"end":{"line":208,"column":4}},"119":{"start":{"line":207,"column":4},"end":{"line":207,"column":20}},"120":{"start":{"line":210,"column":2},"end":{"line":210,"column":17}}},"fnMap":{"0":{"name":"openFullscreen","decl":{"start":{"line":13,"column":9},"end":{"line":13,"column":23}},"loc":{"start":{"line":13,"column":27},"end":{"line":22,"column":1}},"line":13},"1":{"name":"playerTurn","decl":{"start":{"line":24,"column":9},"end":{"line":24,"column":19}},"loc":{"start":{"line":24,"column":23},"end":{"line":41,"column":1}},"line":24},"2":{"name":"(anonymous_2)","decl":{"start":{"line":37,"column":15},"end":{"line":37,"column":16}},"loc":{"start":{"line":37,"column":27},"end":{"line":39,"column":5}},"line":37},"3":{"name":"fainted","decl":{"start":{"line":43,"column":9},"end":{"line":43,"column":16}},"loc":{"start":{"line":43,"column":27},"end":{"line":73,"column":1}},"line":43},"4":{"name":"(anonymous_4)","decl":{"start":{"line":49,"column":17},"end":{"line":49,"column":18}},"loc":{"start":{"line":49,"column":29},"end":{"line":51,"column":7}},"line":49},"5":{"name":"(anonymous_5)","decl":{"start":{"line":55,"column":17},"end":{"line":55,"column":18}},"loc":{"start":{"line":55,"column":29},"end":{"line":57,"column":7}},"line":55},"6":{"name":"(anonymous_6)","decl":{"start":{"line":60,"column":17},"end":{"line":60,"column":18}},"loc":{"start":{"line":60,"column":29},"end":{"line":62,"column":7}},"line":60},"7":{"name":"(anonymous_7)","decl":{"start":{"line":64,"column":17},"end":{"line":64,"column":18}},"loc":{"start":{"line":64,"column":29},"end":{"line":66,"column":7}},"line":64},"8":{"name":"(anonymous_8)","decl":{"start":{"line":68,"column":17},"end":{"line":68,"column":18}},"loc":{"start":{"line":68,"column":29},"end":{"line":70,"column":7}},"line":68},"9":{"name":"attack","decl":{"start":{"line":75,"column":9},"end":{"line":75,"column":15}},"loc":{"start":{"line":75,"column":51},"end":{"line":102,"column":1}},"line":75},"10":{"name":"attackType","decl":{"start":{"line":104,"column":9},"end":{"line":104,"column":19}},"loc":{"start":{"line":104,"column":41},"end":{"line":107,"column":1}},"line":104},"11":{"name":"waterCannon","decl":{"start":{"line":109,"column":9},"end":{"line":109,"column":20}},"loc":{"start":{"line":109,"column":42},"end":{"line":111,"column":1}},"line":109},"12":{"name":"waterPulse","decl":{"start":{"line":113,"column":9},"end":{"line":113,"column":19}},"loc":{"start":{"line":113,"column":41},"end":{"line":115,"column":1}},"line":113},"13":{"name":"surf","decl":{"start":{"line":117,"column":9},"end":{"line":117,"column":13}},"loc":{"start":{"line":117,"column":35},"end":{"line":119,"column":1}},"line":117},"14":{"name":"tackle","decl":{"start":{"line":121,"column":9},"end":{"line":121,"column":15}},"loc":{"start":{"line":121,"column":37},"end":{"line":123,"column":1}},"line":121},"15":{"name":"flameThrower","decl":{"start":{"line":125,"column":9},"end":{"line":125,"column":21}},"loc":{"start":{"line":125,"column":43},"end":{"line":127,"column":1}},"line":125},"16":{"name":"dragonClaw","decl":{"start":{"line":129,"column":9},"end":{"line":129,"column":19}},"loc":{"start":{"line":129,"column":41},"end":{"line":131,"column":1}},"line":129},"17":{"name":"ember","decl":{"start":{"line":133,"column":9},"end":{"line":133,"column":14}},"loc":{"start":{"line":133,"column":36},"end":{"line":135,"column":1}},"line":133},"18":{"name":"growl","decl":{"start":{"line":137,"column":9},"end":{"line":137,"column":14}},"loc":{"start":{"line":137,"column":36},"end":{"line":139,"column":1}},"line":137},"19":{"name":"compPokemon","decl":{"start":{"line":141,"column":9},"end":{"line":141,"column":20}},"loc":{"start":{"line":141,"column":24},"end":{"line":144,"column":1}},"line":141},"20":{"name":"retreat","decl":{"start":{"line":146,"column":9},"end":{"line":146,"column":16}},"loc":{"start":{"line":146,"column":20},"end":{"line":151,"column":1}},"line":146},"21":{"name":"showAttack","decl":{"start":{"line":153,"column":9},"end":{"line":153,"column":19}},"loc":{"start":{"line":153,"column":23},"end":{"line":159,"column":1}},"line":153},"22":{"name":"showContinue","decl":{"start":{"line":161,"column":9},"end":{"line":161,"column":21}},"loc":{"start":{"line":161,"column":25},"end":{"line":165,"column":1}},"line":161},"23":{"name":"startGame","decl":{"start":{"line":167,"column":9},"end":{"line":167,"column":18}},"loc":{"start":{"line":167,"column":22},"end":{"line":191,"column":1}},"line":167},"24":{"name":"startGameOver","decl":{"start":{"line":193,"column":9},"end":{"line":193,"column":22}},"loc":{"start":{"line":193,"column":26},"end":{"line":203,"column":1}},"line":193},"25":{"name":"(anonymous_25)","decl":{"start":{"line":205,"column":46},"end":{"line":205,"column":47}},"loc":{"start":{"line":205,"column":58},"end":{"line":211,"column":1}},"line":205},"26":{"name":"(anonymous_26)","decl":{"start":{"line":206,"column":66},"end":{"line":206,"column":67}},"loc":{"start":{"line":206,"column":83},"end":{"line":208,"column":3}},"line":206}},"branchMap":{"0":{"loc":{"start":{"line":15,"column":2},"end":{"line":21,"column":3}},"type":"if","locations":[{"start":{"line":15,"column":2},"end":{"line":21,"column":3}},{"start":{"line":15,"column":2},"end":{"line":21,"column":3}}],"line":15},"1":{"loc":{"start":{"line":17,"column":9},"end":{"line":21,"column":3}},"type":"if","locations":[{"start":{"line":17,"column":9},"end":{"line":21,"column":3}},{"start":{"line":17,"column":9},"end":{"line":21,"column":3}}],"line":17},"2":{"loc":{"start":{"line":19,"column":9},"end":{"line":21,"column":3}},"type":"if","locations":[{"start":{"line":19,"column":9},"end":{"line":21,"column":3}},{"start":{"line":19,"column":9},"end":{"line":21,"column":3}}],"line":19},"3":{"loc":{"start":{"line":30,"column":2},"end":{"line":33,"column":3}},"type":"if","locations":[{"start":{"line":30,"column":2},"end":{"line":33,"column":3}},{"start":{"line":30,"column":2},"end":{"line":33,"column":3}}],"line":30},"4":{"loc":{"start":{"line":34,"column":2},"end":{"line":40,"column":3}},"type":"if","locations":[{"start":{"line":34,"column":2},"end":{"line":40,"column":3}},{"start":{"line":34,"column":2},"end":{"line":40,"column":3}}],"line":34},"5":{"loc":{"start":{"line":44,"column":2},"end":{"line":72,"column":3}},"type":"if","locations":[{"start":{"line":44,"column":2},"end":{"line":72,"column":3}},{"start":{"line":44,"column":2},"end":{"line":72,"column":3}}],"line":44},"6":{"loc":{"start":{"line":46,"column":4},"end":{"line":58,"column":5}},"type":"if","locations":[{"start":{"line":46,"column":4},"end":{"line":58,"column":5}},{"start":{"line":46,"column":4},"end":{"line":58,"column":5}}],"line":46},"7":{"loc":{"start":{"line":59,"column":4},"end":{"line":71,"column":5}},"type":"if","locations":[{"start":{"line":59,"column":4},"end":{"line":71,"column":5}},{"start":{"line":59,"column":4},"end":{"line":71,"column":5}}],"line":59},"8":{"loc":{"start":{"line":63,"column":11},"end":{"line":71,"column":5}},"type":"if","locations":[{"start":{"line":63,"column":11},"end":{"line":71,"column":5}},{"start":{"line":63,"column":11},"end":{"line":71,"column":5}}],"line":63},"9":{"loc":{"start":{"line":76,"column":2},"end":{"line":101,"column":3}},"type":"if","locations":[{"start":{"line":76,"column":2},"end":{"line":101,"column":3}},{"start":{"line":76,"column":2},"end":{"line":101,"column":3}}],"line":76},"10":{"loc":{"start":{"line":76,"column":6},"end":{"line":76,"column":44}},"type":"binary-expr","locations":[{"start":{"line":76,"column":7},"end":{"line":76,"column":22}},{"start":{"line":76,"column":28},"end":{"line":76,"column":43}}],"line":76},"11":{"loc":{"start":{"line":78,"column":4},"end":{"line":99,"column":5}},"type":"if","locations":[{"start":{"line":78,"column":4},"end":{"line":99,"column":5}},{"start":{"line":78,"column":4},"end":{"line":99,"column":5}}],"line":78},"12":{"loc":{"start":{"line":82,"column":8},"end":{"line":82,"column":46}},"type":"if","locations":[{"start":{"line":82,"column":8},"end":{"line":82,"column":46}},{"start":{"line":82,"column":8},"end":{"line":82,"column":46}}],"line":82},"13":{"loc":{"start":{"line":87,"column":6},"end":{"line":90,"column":7}},"type":"if","locations":[{"start":{"line":87,"column":6},"end":{"line":90,"column":7}},{"start":{"line":87,"column":6},"end":{"line":90,"column":7}}],"line":87},"14":{"loc":{"start":{"line":93,"column":6},"end":{"line":95,"column":7}},"type":"if","locations":[{"start":{"line":93,"column":6},"end":{"line":95,"column":7}},{"start":{"line":93,"column":6},"end":{"line":95,"column":7}}],"line":93},"15":{"loc":{"start":{"line":96,"column":6},"end":{"line":97,"column":66}},"type":"if","locations":[{"start":{"line":96,"column":6},"end":{"line":97,"column":66}},{"start":{"line":96,"column":6},"end":{"line":97,"column":66}}],"line":96},"16":{"loc":{"start":{"line":105,"column":2},"end":{"line":106,"column":45}},"type":"if","locations":[{"start":{"line":105,"column":2},"end":{"line":106,"column":45}},{"start":{"line":105,"column":2},"end":{"line":106,"column":45}}],"line":105},"17":{"loc":{"start":{"line":147,"column":2},"end":{"line":150,"column":3}},"type":"if","locations":[{"start":{"line":147,"column":2},"end":{"line":150,"column":3}},{"start":{"line":147,"column":2},"end":{"line":150,"column":3}}],"line":147},"18":{"loc":{"start":{"line":154,"column":2},"end":{"line":158,"column":3}},"type":"if","locations":[{"start":{"line":154,"column":2},"end":{"line":158,"column":3}},{"start":{"line":154,"column":2},"end":{"line":158,"column":3}}],"line":154},"19":{"loc":{"start":{"line":162,"column":2},"end":{"line":164,"column":3}},"type":"if","locations":[{"start":{"line":162,"column":2},"end":{"line":164,"column":3}},{"start":{"line":162,"column":2},"end":{"line":164,"column":3}}],"line":162},"20":{"loc":{"start":{"line":169,"column":4},"end":{"line":173,"column":5}},"type":"if","locations":[{"start":{"line":169,"column":4},"end":{"line":173,"column":5}},{"start":{"line":169,"column":4},"end":{"line":173,"column":5}}],"line":169},"21":{"loc":{"start":{"line":170,"column":6},"end":{"line":170,"column":68}},"type":"if","locations":[{"start":{"line":170,"column":6},"end":{"line":170,"column":68}},{"start":{"line":170,"column":6},"end":{"line":170,"column":68}}],"line":170},"22":{"loc":{"start":{"line":174,"column":4},"end":{"line":178,"column":5}},"type":"if","locations":[{"start":{"line":174,"column":4},"end":{"line":178,"column":5}},{"start":{"line":174,"column":4},"end":{"line":178,"column":5}}],"line":174},"23":{"loc":{"start":{"line":175,"column":6},"end":{"line":175,"column":64}},"type":"if","locations":[{"start":{"line":175,"column":6},"end":{"line":175,"column":64}},{"start":{"line":175,"column":6},"end":{"line":175,"column":64}}],"line":175}},"s":{"0":0,"1":0,"2":0,"3":0,"4":0,"5":0,"6":0,"7":0,"8":0,"9":0,"10":0,"11":0,"12":0,"13":0,"14":0,"15":0,"16":0,"17":0,"18":0,"19":0,"20":0,"21":0,"22":0,"23":0,"24":0,"25":0,"26":0,"27":0,"28":0,"29":0,"30":0,"31":0,"32":0,"33":0,"34":0,"35":0,"36":0,"37":0,"38":0,"39":0,"40":0,"41":0,"42":0,"43":0,"44":0,"45":0,"46":0,"47":0,"48":0,"49":0,"50":0,"51":0,"52":0,"53":0,"54":0,"55":0,"56":0,"57":0,"58":0,"59":0,"60":0,"61":0,"62":0,"63":0,"64":0,"65":0,"66":0,"67":0,"68":0,"69":0,"70":0,"71":0,"72":0,"73":0,"74":0,"75":0,"76":0,"77":0,"78":0,"79":0,"80":0,"81":0,"82":0,"83":0,"84":0,"85":0,"86":0,"87":0,"88":0,"89":0,"90":0,"91":0,"92":0,"93":0,"94":0,"95":0,"96":0,"97":0,"98":0,"99":0,"100":0,"101":0,"102":0,"103":0,"104":0,"105":0,"106":0,"107":0,"108":0,"109":0,"110":0,"111":0,"112":0,"113":0,"114":0,"115":0,"116":0,"117":0,"118":0,"119":0,"120":0},"f":{"0":0,"1":0,"2":0,"3":0,"4":0,"5":0,"6":0,"7":0,"8":0,"9":0,"10":0,"11":0,"12":0,"13":0,"14":0,"15":0,"16":0,"17":0,"18":0,"19":0,"20":0,"21":0,"22":0,"23":0,"24":0,"25":0,"26":0},"b":{"0":[0,0],"1":[0,0],"2":[0,0],"3":[0,0],"4":[0,0],"5":[0,0],"6":[0,0],"7":[0,0],"8":[0,0],"9":[0,0],"10":[0,0],"11":[0,0],"12":[0,0],"13":[0,0],"14":[0,0],"15":[0,0],"16":[0,0],"17":[0,0],"18":[0,0],"19":[0,0],"20":[0,0],"21":[0,0],"22":[0,0],"23":[0,0]}}
}
